Processor version: 0.5.0
Object file type: Executable
Symbols:
__start	FUNCTION	0x0
write_int	FUNCTION	0x22
read_int	FUNCTION	0x27
phibonacci	FUNCTION	0x2c
main	FUNCTION	0x157
__bss_size	VARIABLE	0x0
Total 6 symbols.
Listing:

                 FUNC __start
0000000000000000:    PUSH 0x0000000000000000
000000000000000a:    POP %2
000000000000000d:    CALL 0x0000000000000157
0000000000000017:    HALT
0000000000000018:    JMP 0x0000000000000017
                 FUNC write_int
0000000000000022:    PUSH !1
0000000000000025:    WRINT
0000000000000026:    RET
                 FUNC read_int
0000000000000027:    RDINT
0000000000000028:    POP %3
000000000000002b:    RET
                 FUNC phibonacci
000000000000002c:    PUSH 0x0000000000000000
0000000000000036:    PUSH %1
0000000000000039:    ADD
000000000000003a:    POP %2
000000000000003d:    PUSH !2
0000000000000040:    PUSH 0x0000000000000002
000000000000004a:    CLT
000000000000004b:    JEQ 0x0000000000000077
0000000000000055:    POP 0x0000000000000000
000000000000005f:    PUSH 0x0000000000000001
0000000000000069:    POP %3
000000000000006c:    RET
000000000000006d:    JMP 0x0000000000000156
0000000000000077:    POP 0x0000000000000000
0000000000000081:    PUSH %1
0000000000000084:    PUSH 0x0000000000000000
000000000000008e:    PUSH %1
0000000000000091:    ADD
0000000000000092:    POP %2
0000000000000095:    PUSH !2
0000000000000098:    PUSH 0x0000000000000001
00000000000000a2:    SUB
00000000000000a3:    PUSH 0x0000000000000001
00000000000000ad:    PUSH %1
00000000000000b0:    ADD
00000000000000b1:    POP %1
00000000000000b4:    POP !1
00000000000000b7:    PUSH %1
00000000000000ba:    PUSH 0x0000000000000001
00000000000000c4:    ADD
00000000000000c5:    POP %1
00000000000000c8:    PUSH %1
00000000000000cb:    PUSH 0x0000000000000001
00000000000000d5:    SUB
00000000000000d6:    POP %1
00000000000000d9:    CALL 0x000000000000002c
00000000000000e3:    POP %1
00000000000000e6:    PUSH %3
00000000000000e9:    PUSH %1
00000000000000ec:    PUSH 0x0000000000000000
00000000000000f6:    PUSH %1
00000000000000f9:    ADD
00000000000000fa:    POP %2
00000000000000fd:    PUSH !2
0000000000000100:    PUSH 0x0000000000000002
000000000000010a:    SUB
000000000000010b:    PUSH 0x0000000000000001
0000000000000115:    PUSH %1
0000000000000118:    ADD
0000000000000119:    POP %1
000000000000011c:    POP !1
000000000000011f:    PUSH %1
0000000000000122:    PUSH 0x0000000000000001
000000000000012c:    ADD
000000000000012d:    POP %1
0000000000000130:    PUSH %1
0000000000000133:    PUSH 0x0000000000000001
000000000000013d:    SUB
000000000000013e:    POP %1
0000000000000141:    CALL 0x000000000000002c
000000000000014b:    POP %1
000000000000014e:    PUSH %3
0000000000000151:    ADD
0000000000000152:    POP %3
0000000000000155:    RET
0000000000000156:    RET
                 FUNC main
0000000000000157:    PUSH %1
000000000000015a:    PUSH 0x0000000000000001
0000000000000164:    PUSH %1
0000000000000167:    ADD
0000000000000168:    POP %1
000000000000016b:    PUSH %1
000000000000016e:    PUSH 0x0000000000000000
0000000000000178:    SUB
0000000000000179:    POP %1
000000000000017c:    CALL 0x0000000000000027
0000000000000186:    POP %1
0000000000000189:    PUSH %3
000000000000018c:    PUSH 0x0000000000000000
0000000000000196:    PUSH %1
0000000000000199:    ADD
000000000000019a:    POP %2
000000000000019d:    DUP
000000000000019e:    POP !2
00000000000001a1:    PUSH %1
00000000000001a4:    PUSH %1
00000000000001a7:    PUSH 0x0000000000000000
00000000000001b1:    PUSH %1
00000000000001b4:    ADD
00000000000001b5:    POP %2
00000000000001b8:    PUSH !2
00000000000001bb:    PUSH 0x0000000000000001
00000000000001c5:    PUSH %1
00000000000001c8:    ADD
00000000000001c9:    POP %1
00000000000001cc:    POP !1
00000000000001cf:    PUSH %1
00000000000001d2:    PUSH 0x0000000000000001
00000000000001dc:    ADD
00000000000001dd:    POP %1
00000000000001e0:    PUSH %1
00000000000001e3:    PUSH 0x0000000000000001
00000000000001ed:    SUB
00000000000001ee:    POP %1
00000000000001f1:    CALL 0x000000000000002c
00000000000001fb:    POP %1
00000000000001fe:    PUSH %3
0000000000000201:    PUSH 0x0000000000000001
000000000000020b:    PUSH %1
000000000000020e:    ADD
000000000000020f:    POP %1
0000000000000212:    POP !1
0000000000000215:    PUSH %1
0000000000000218:    PUSH 0x0000000000000001
0000000000000222:    ADD
0000000000000223:    POP %1
0000000000000226:    PUSH %1
0000000000000229:    PUSH 0x0000000000000001
0000000000000233:    SUB
0000000000000234:    POP %1
0000000000000237:    CALL 0x0000000000000022
0000000000000241:    POP %1
0000000000000244:    PUSH %3
0000000000000247:    PUSH 0x0000000000000000
0000000000000251:    POP %3
0000000000000254:    RET
0000000000000255:    RET

