Processor version: 0.5.0
Object file type: Static Linkable
Symbols:
phibonacci	FUNCTION	0x0
.L1_if	FUNCTION	0x0
main	FUNCTION	0x12b
.L1_then	FUNCTION	0x29
.L1_else	FUNCTION	0x4b
.L1_end	FUNCTION	0x12a
Total 6 symbols.
Listing:

                 FUNC .L1_if
0000000000000000:    PUSH 0x0000000000000000
000000000000000a:    PUSH %1
000000000000000d:    ADD
000000000000000e:    POP %2
0000000000000011:    PUSH !2
0000000000000014:    PUSH 0x0000000000000002
000000000000001e:    CLT
000000000000001f:    JEQ .L1_else
                 FUNC .L1_then
0000000000000029:    POP 0x0000000000000000
0000000000000033:    PUSH 0x0000000000000001
000000000000003d:    POP %3
0000000000000040:    RET
0000000000000041:    JMP .L1_end
                 FUNC .L1_else
000000000000004b:    POP 0x0000000000000000
0000000000000055:    PUSH %1
0000000000000058:    PUSH 0x0000000000000000
0000000000000062:    PUSH %1
0000000000000065:    ADD
0000000000000066:    POP %2
0000000000000069:    PUSH !2
000000000000006c:    PUSH 0x0000000000000001
0000000000000076:    SUB
0000000000000077:    PUSH 0x0000000000000001
0000000000000081:    PUSH %1
0000000000000084:    ADD
0000000000000085:    POP %1
0000000000000088:    POP !1
000000000000008b:    PUSH %1
000000000000008e:    PUSH 0x0000000000000001
0000000000000098:    ADD
0000000000000099:    POP %1
000000000000009c:    PUSH %1
000000000000009f:    PUSH 0x0000000000000001
00000000000000a9:    SUB
00000000000000aa:    POP %1
00000000000000ad:    CALL phibonacci
00000000000000b7:    POP %1
00000000000000ba:    PUSH %3
00000000000000bd:    PUSH %1
00000000000000c0:    PUSH 0x0000000000000000
00000000000000ca:    PUSH %1
00000000000000cd:    ADD
00000000000000ce:    POP %2
00000000000000d1:    PUSH !2
00000000000000d4:    PUSH 0x0000000000000002
00000000000000de:    SUB
00000000000000df:    PUSH 0x0000000000000001
00000000000000e9:    PUSH %1
00000000000000ec:    ADD
00000000000000ed:    POP %1
00000000000000f0:    POP !1
00000000000000f3:    PUSH %1
00000000000000f6:    PUSH 0x0000000000000001
0000000000000100:    ADD
0000000000000101:    POP %1
0000000000000104:    PUSH %1
0000000000000107:    PUSH 0x0000000000000001
0000000000000111:    SUB
0000000000000112:    POP %1
0000000000000115:    CALL phibonacci
000000000000011f:    POP %1
0000000000000122:    PUSH %3
0000000000000125:    ADD
0000000000000126:    POP %3
0000000000000129:    RET
                 FUNC .L1_end
000000000000012a:    RET
                 FUNC main
000000000000012b:    PUSH %1
000000000000012e:    PUSH 0x0000000000000001
0000000000000138:    PUSH %1
000000000000013b:    ADD
000000000000013c:    POP %1
000000000000013f:    PUSH %1
0000000000000142:    PUSH 0x0000000000000000
000000000000014c:    SUB
000000000000014d:    POP %1
0000000000000150:    CALL read_int
000000000000015a:    POP %1
000000000000015d:    PUSH %3
0000000000000160:    PUSH 0x0000000000000000
000000000000016a:    PUSH %1
000000000000016d:    ADD
000000000000016e:    POP %2
0000000000000171:    DUP
0000000000000172:    POP !2
0000000000000175:    PUSH %1
0000000000000178:    PUSH %1
000000000000017b:    PUSH 0x0000000000000000
0000000000000185:    PUSH %1
0000000000000188:    ADD
0000000000000189:    POP %2
000000000000018c:    PUSH !2
000000000000018f:    PUSH 0x0000000000000001
0000000000000199:    PUSH %1
000000000000019c:    ADD
000000000000019d:    POP %1
00000000000001a0:    POP !1
00000000000001a3:    PUSH %1
00000000000001a6:    PUSH 0x0000000000000001
00000000000001b0:    ADD
00000000000001b1:    POP %1
00000000000001b4:    PUSH %1
00000000000001b7:    PUSH 0x0000000000000001
00000000000001c1:    SUB
00000000000001c2:    POP %1
00000000000001c5:    CALL phibonacci
00000000000001cf:    POP %1
00000000000001d2:    PUSH %3
00000000000001d5:    PUSH 0x0000000000000001
00000000000001df:    PUSH %1
00000000000001e2:    ADD
00000000000001e3:    POP %1
00000000000001e6:    POP !1
00000000000001e9:    PUSH %1
00000000000001ec:    PUSH 0x0000000000000001
00000000000001f6:    ADD
00000000000001f7:    POP %1
00000000000001fa:    PUSH %1
00000000000001fd:    PUSH 0x0000000000000001
0000000000000207:    SUB
0000000000000208:    POP %1
000000000000020b:    CALL write_int
0000000000000215:    POP %1
0000000000000218:    PUSH %3
000000000000021b:    PUSH 0x0000000000000000
0000000000000225:    POP %3
0000000000000228:    RET
0000000000000229:    RET

